<?xml version="1.0" encoding="UTF-8"?>
<!-- Generated by org.testng.reporters.JUnitReportReporter -->
<testsuite hostname="LAPTOP-1ELAPOQP" failures="0" tests="1" name="SelTestNG.testNG1" time="19.369" errors="0" timestamp="2022-11-16T12:05:18 IST" skipped="0">
  <testcase classname="SelTestNG.testNG1" name="test1" time="19.369"/>
  <system-out/>
</testsuite> <!-- SelTestNG.testNG1 -->
