<?xml version="1.0" encoding="UTF-8"?>
<!-- Generated by org.testng.reporters.JUnitReportReporter -->
<testsuite hostname="LAPTOP-1ELAPOQP" failures="0" tests="2" name="SeleniumExamples.TestNG_IgnoreMethods" time="109.344" errors="0" timestamp="2022-11-21T12:36:06 IST" skipped="0">
  <testcase classname="SeleniumExamples.TestNG_IgnoreMethods" name="verifyHomePage" time="79.352"/>
  <system-out/>
  <testcase classname="SeleniumExamples.TestNG_IgnoreMethods" name="verifyHTMLLinksPage" time="29.992"/>
  <system-out/>
</testsuite> <!-- SeleniumExamples.TestNG_IgnoreMethods -->
