<?xml version="1.0" encoding="UTF-8"?>
<!-- Generated by org.testng.reporters.JUnitReportReporter -->
<testsuite hostname="LAPTOP-1ELAPOQP" failures="0" tests="1" name="SeleniumExamples.Sel_HandleButtons" time="14.560" errors="0" timestamp="2022-12-03T22:55:05 IST" skipped="0">
  <testcase classname="SeleniumExamples.Sel_HandleButtons" name="loginScreen" time="14.560"/>
  <system-out/>
</testsuite> <!-- SeleniumExamples.Sel_HandleButtons -->
