<?xml version="1.0" encoding="UTF-8"?>
<!-- Generated by org.testng.reporters.JUnitReportReporter -->
<testsuite hostname="LAPTOP-1ELAPOQP" failures="0" tests="1" name="SeleniumExamples.Sel_BrowserNav" time="27.396" errors="0" timestamp="2022-11-30T17:55:22 IST" skipped="0">
  <testcase classname="SeleniumExamples.Sel_BrowserNav" name="ContextClick" time="27.396"/>
  <system-out/>
</testsuite> <!-- SeleniumExamples.Sel_BrowserNav -->
