<?xml version="1.0" encoding="UTF-8"?>
<!-- Generated by org.testng.reporters.JUnitReportReporter -->
<testsuite hostname="LAPTOP-1ELAPOQP" failures="0" tests="1" name="SeleniumExamples.Sel_WindowHandles" time="8.627" errors="0" timestamp="2022-12-03T19:43:47 IST" skipped="0">
  <testcase classname="SeleniumExamples.Sel_WindowHandles" name="test1" time="8.627"/>
  <system-out/>
</testsuite> <!-- SeleniumExamples.Sel_WindowHandles -->
