<?xml version="1.0" encoding="UTF-8"?>
<!-- Generated by org.testng.reporters.JUnitReportReporter -->
<testsuite hostname="LAPTOP-1ELAPOQP" failures="0" tests="3" name="SeleniumExamples.GoogleFreatureTest" time="19.170" errors="0" timestamp="2022-11-17T14:44:59 IST" skipped="0">
  <testcase classname="SeleniumExamples.GoogleFreatureTest" name="titleTest" time="12.731"/>
  <system-out/>
  <testcase classname="SeleniumExamples.GoogleFreatureTest" name="signInTest" time="3.091"/>
  <system-out/>
  <testcase classname="SeleniumExamples.GoogleFreatureTest" name="logoTest" time="3.348"/>
  <system-out/>
</testsuite> <!-- SeleniumExamples.GoogleFreatureTest -->
