<?xml version="1.0" encoding="UTF-8"?>
<!-- Generated by org.testng.reporters.JUnitReportReporter -->
<testsuite hostname="LAPTOP-1ELAPOQP" failures="0" tests="3" name="SeleniumExamples.TestNG_Priority2" time="12.127" errors="0" timestamp="2022-11-17T19:12:20 IST" skipped="0">
  <testcase classname="SeleniumExamples.TestNG_Priority2" name="titleTest" time="2.640"/>
  <system-out/>
  <testcase classname="SeleniumExamples.TestNG_Priority2" name="signInTest" time="6.958"/>
  <system-out/>
  <testcase classname="SeleniumExamples.TestNG_Priority2" name="logoTest" time="2.529"/>
  <system-out/>
</testsuite> <!-- SeleniumExamples.TestNG_Priority2 -->
