<?xml version="1.0" encoding="UTF-8"?>
<!-- Generated by org.testng.reporters.JUnitReportReporter -->
<testsuite hostname="LAPTOP-1ELAPOQP" failures="0" tests="1" name="SeleniumExamples.Sel_HandleTextBox" time="9.162" errors="0" timestamp="2022-12-03T22:55:23 IST" skipped="0">
  <testcase classname="SeleniumExamples.Sel_HandleTextBox" name="loginScreen" time="9.162"/>
  <system-out/>
</testsuite> <!-- SeleniumExamples.Sel_HandleTextBox -->
