<?xml version="1.0" encoding="UTF-8"?>
<!-- Generated by org.testng.reporters.JUnitReportReporter -->
<testsuite hostname="LAPTOP-1ELAPOQP" failures="0" tests="1" name="SeleniumExamples.HandleTextBox" time="7.737" errors="0" timestamp="2022-11-30T21:39:14 IST" skipped="0">
  <testcase classname="SeleniumExamples.HandleTextBox" name="loginScreen" time="7.737"/>
  <system-out/>
</testsuite> <!-- SeleniumExamples.HandleTextBox -->
