<?xml version="1.0" encoding="UTF-8"?>
<!-- Generated by org.testng.reporters.JUnitReportReporter -->
<testsuite hostname="LAPTOP-1ELAPOQP" failures="0" tests="3" name="SeleniumExamples.TestNG_Groups" time="9.620" errors="0" timestamp="2022-11-17T19:20:51 IST" skipped="0">
  <testcase classname="SeleniumExamples.TestNG_Groups" name="titleTest" time="4.202"/>
  <system-out/>
  <testcase classname="SeleniumExamples.TestNG_Groups" name="signInTest" time="2.689"/>
  <system-out/>
  <testcase classname="SeleniumExamples.TestNG_Groups" name="logoTest" time="2.729"/>
  <system-out/>
</testsuite> <!-- SeleniumExamples.TestNG_Groups -->
