<?xml version="1.0" encoding="UTF-8"?>
<!-- Generated by org.testng.reporters.JUnitReportReporter -->
<testsuite hostname="LAPTOP-1ELAPOQP" failures="0" tests="1" name="SeleniumExamples.HandleButtons" time="12.796" errors="0" timestamp="2022-11-30T22:38:11 IST" skipped="0">
  <testcase classname="SeleniumExamples.HandleButtons" name="loginScreen" time="12.796"/>
  <system-out/>
</testsuite> <!-- SeleniumExamples.HandleButtons -->
