<?xml version="1.0" encoding="UTF-8"?>
<!-- Generated by org.testng.reporters.JUnitReportReporter -->
<testsuite hostname="LAPTOP-1ELAPOQP" failures="0" tests="2" name="SeleniumExamples.TestNG_Assertion" time="9.249" errors="0" timestamp="2022-11-17T19:59:41 IST" skipped="0">
  <testcase classname="SeleniumExamples.TestNG_Assertion" name="logoTest" time="5.614"/>
  <system-out/>
  <testcase classname="SeleniumExamples.TestNG_Assertion" name="titleTest" time="3.635"/>
  <system-out/>
</testsuite> <!-- SeleniumExamples.TestNG_Assertion -->
