<?xml version="1.0" encoding="UTF-8"?>
<!-- Generated by org.testng.reporters.JUnitReportReporter -->
<testsuite hostname="LAPTOP-1ELAPOQP" failures="0" tests="3" name="SeleniumExamples.TestNG_Priority" time="16.810" errors="0" timestamp="2022-11-17T19:08:44 IST" skipped="0">
  <testcase classname="SeleniumExamples.TestNG_Priority" name="titleTest" time="9.805"/>
  <system-out/>
  <testcase classname="SeleniumExamples.TestNG_Priority" name="signInTest" time="3.502"/>
  <system-out/>
  <testcase classname="SeleniumExamples.TestNG_Priority" name="logoTest" time="3.503"/>
  <system-out/>
</testsuite> <!-- SeleniumExamples.TestNG_Priority -->
