<?xml version="1.0" encoding="UTF-8"?>
<!-- Generated by org.testng.reporters.JUnitReportReporter -->
<testsuite hostname="LAPTOP-1ELAPOQP" failures="0" tests="1" name="SeleniumExamples.TestNG_Parameters" time="7.161" errors="0" timestamp="2022-11-18T12:45:23 IST" skipped="0">
  <testcase classname="SeleniumExamples.TestNG_Parameters" name="setUp" time="7.161"/>
  <system-out/>
</testsuite> <!-- SeleniumExamples.TestNG_Parameters -->
