<?xml version="1.0" encoding="UTF-8"?>
<!-- Generated by org.testng.reporters.JUnitReportReporter -->
<testsuite hostname="LAPTOP-1ELAPOQP" failures="0" tests="1" name="SeleniumExamples.Sel_WindowHandles3" time="13.091" errors="0" timestamp="2022-12-03T19:54:17 IST" skipped="0">
  <testcase classname="SeleniumExamples.Sel_WindowHandles3" name="test1" time="13.091"/>
  <system-out/>
</testsuite> <!-- SeleniumExamples.Sel_WindowHandles3 -->
