<?xml version="1.0" encoding="UTF-8"?>
<!-- Generated by org.testng.reporters.JUnitReportReporter -->
<testsuite hostname="LAPTOP-1ELAPOQP" failures="0" tests="4" name="SeleniumExamples.TestNG_InvocationCount" time="0.017" errors="0" timestamp="2022-11-17T19:32:07 IST" skipped="0">
  <testcase classname="SeleniumExamples.TestNG_InvocationCount" name="test1" time="0.012"/>
  <system-out/>
  <testcase classname="SeleniumExamples.TestNG_InvocationCount" name="test1" time="0.002"/>
  <system-out/>
  <testcase classname="SeleniumExamples.TestNG_InvocationCount" name="test1" time="0.001"/>
  <system-out/>
  <testcase classname="SeleniumExamples.TestNG_InvocationCount" name="test1" time="0.002"/>
  <system-out/>
</testsuite> <!-- SeleniumExamples.TestNG_InvocationCount -->
