<?xml version="1.0" encoding="UTF-8"?>
<!-- Generated by org.testng.reporters.JUnitReportReporter -->
<testsuite hostname="LAPTOP-1ELAPOQP" failures="0" tests="2" name="SeleniumExamples.TestNGAnnotations" time="0.014" errors="0" timestamp="2022-11-17T12:40:50 IST" skipped="0">
  <testcase classname="SeleniumExamples.TestNGAnnotations" name="sendMail" time="0.011"/>
  <system-out/>
  <testcase classname="SeleniumExamples.TestNGAnnotations" name="verifyinSentMail1" time="0.003"/>
  <system-out/>
</testsuite> <!-- SeleniumExamples.TestNGAnnotations -->
