<?xml version="1.0" encoding="UTF-8"?>
<!-- Generated by org.testng.reporters.JUnitReportReporter -->
<testsuite hostname="LAPTOP-1ELAPOQP" failures="0" tests="1" name="SeleniumExamples.ActionCkassConetextClick" time="12.190" errors="0" timestamp="2022-11-30T17:14:06 IST" skipped="0">
  <testcase classname="SeleniumExamples.ActionCkassConetextClick" name="ContextClick" time="12.190"/>
  <system-out/>
</testsuite> <!-- SeleniumExamples.ActionCkassConetextClick -->
