<?xml version="1.0" encoding="UTF-8"?>
<!-- Generated by org.testng.reporters.JUnitReportReporter -->
<testsuite hostname="LAPTOP-1ELAPOQP" failures="0" tests="1" name="SeleniumExamples.LocatorsExamples" time="28.031" errors="0" timestamp="2022-12-01T07:47:31 IST" skipped="0">
  <testcase classname="SeleniumExamples.LocatorsExamples" name="seleniumLcoators" time="28.031"/>
  <system-out/>
</testsuite> <!-- SeleniumExamples.LocatorsExamples -->
